<?xml version="1.0" encoding="UTF-8"?>
<!-- Generated by org.testng.reporters.JUnitXMLReporter -->
<testsuite ignored="0" hostname="DESKTOP-MIL71NJ" failures="1" tests="1" name="Purchase Dress Test" time="1.168" errors="0" timestamp="2022-02-22T19:01:01 IST">
  <testcase classname="RunnerClass.FeatureRunnerTest" name="scenario" time="0.284">
    <failure type="io.cucumber.testng.UndefinedStepException" message="The step &amp;apos;I close the browser&amp;apos; is undefined.
You can implement this step using the snippet(s) below:

@Then(&amp;quot;I close the browser&amp;quot;)
public void i_close_the_browser() {
    // Write code here that turns the phrase above into concrete actions
    throw new io.cucumber.java.PendingException();
}
">
      <![CDATA[io.cucumber.testng.UndefinedStepException: The step 'I close the browser' is undefined.
You can implement this step using the snippet(s) below:

@Then("I close the browser")
public void i_close_the_browser() {
    // Write code here that turns the phrase above into concrete actions
    throw new io.cucumber.java.PendingException();
}

at io.cucumber.core.runtime.TestCaseResultObserver.assertTestCasePassed(TestCaseResultObserver.java:69)
at io.cucumber.testng.TestCaseResultObserver.assertTestCasePassed(TestCaseResultObserver.java:23)
at io.cucumber.testng.TestNGCucumberRunner.lambda$runScenario$1(TestNGCucumberRunner.java:133)
at io.cucumber.core.runtime.CucumberExecutionContext.lambda$runTestCase$3(CucumberExecutionContext.java:151)
at io.cucumber.core.runtime.RethrowingThrowableCollector.executeAndThrow(RethrowingThrowableCollector.java:23)
at io.cucumber.core.runtime.CucumberExecutionContext.runTestCase(CucumberExecutionContext.java:151)
at io.cucumber.testng.TestNGCucumberRunner.runScenario(TestNGCucumberRunner.java:129)
at RunnerClass.FeatureRunnerTest.scenario(FeatureRunnerTest.java:36)
at java.base/java.util.ArrayList.forEach(ArrayList.java:1511)
... Removed 27 stack frames]]>
    </failure>
  </testcase> <!-- scenario -->
</testsuite> <!-- Purchase Dress Test -->
