<?xml version="1.0" encoding="UTF-8"?>
<testng-results ignored="0" total="1" passed="1" failed="0" skipped="0">
  <reporter-output>
  </reporter-output>
  <suite started-at="2022-02-22T19:45:15 IST" name="Online Shopping Demo Suite" finished-at="2022-02-22T19:46:09 IST" duration-ms="54231">
    <groups>
      <group name="CucumberTest">
        <method signature="FeatureRunnerTest.scenario(io.cucumber.testng.PickleWrapper,io.cucumber.testng.FeatureWrapper)[pri:0, instance:RunnerClass.FeatureRunnerTest@3232a28a]" name="scenario" class="RunnerClass.FeatureRunnerTest"/>
      </group> <!-- CucumberTest -->
    </groups>
    <test started-at="2022-02-22T19:45:15 IST" name="Purchase Dress Test" finished-at="2022-02-22T19:46:09 IST" duration-ms="54231">
      <class name="RunnerClass.FeatureRunnerTest">
        <test-method is-config="true" signature="setupClass()[pri:0, instance:RunnerClass.FeatureRunnerTest@3232a28a]" started-at="2022-02-22T19:45:15 IST" name="setupClass" finished-at="2022-02-22T19:45:15 IST" duration-ms="462" status="PASS">
          <reporter-output>
          </reporter-output>
        </test-method> <!-- setupClass -->
        <test-method signature="scenario(io.cucumber.testng.PickleWrapper,io.cucumber.testng.FeatureWrapper)[pri:0, instance:RunnerClass.FeatureRunnerTest@3232a28a]" started-at="2022-02-22T19:45:15 IST" name="scenario" description="TestNG Test to execute Feature Files" data-provider="scenarios" finished-at="2022-02-22T19:46:09 IST" duration-ms="53654" status="PASS">
          <params>
            <param index="0">
              <value>
                <![CDATA["Launch Application and Add Dress to Cart"]]>
              </value>
            </param>
            <param index="1">
              <value>
                <![CDATA["Optional[Login and purchase dress on online shopping application]"]]>
              </value>
            </param>
          </params>
          <reporter-output>
          </reporter-output>
        </test-method> <!-- scenario -->
        <test-method is-config="true" signature="TearDownClass()[pri:0, instance:RunnerClass.FeatureRunnerTest@3232a28a]" started-at="2022-02-22T19:46:09 IST" name="TearDownClass" finished-at="2022-02-22T19:46:09 IST" duration-ms="77" status="PASS">
          <reporter-output>
          </reporter-output>
        </test-method> <!-- TearDownClass -->
      </class> <!-- RunnerClass.FeatureRunnerTest -->
    </test> <!-- Purchase Dress Test -->
  </suite> <!-- Online Shopping Demo Suite -->
</testng-results>
