<?xml version="1.0" encoding="UTF-8"?>
<testsuite xmlns:xsi="http://www.w3.org/2001/XMLSchema-instance" xsi:noNamespaceSchemaLocation="https://maven.apache.org/surefire/maven-surefire-plugin/xsd/surefire-test-report-3.0.xsd" version="3.0" name="TestSuite" time="54.681" tests="1" errors="0" skipped="0" failures="0">
  <properties>
[...]
</properties>
  <testcase name="scenario[&quot;Launch Application and Add Dress to Cart&quot;, &quot;Optional[Login and purchase dress on online shopping application]&quot;](1)" classname="RunnerClass.FeatureRunnerTest" time="53.673">
    <system-out><![CDATA[
@endtoend @endtoend
Scenario: Launch Application and Add Dress to Cart                                      # src/main/resources/FeatureFiles/OnlineShoppingPurchase.feature:14
SUCCESS: Driver is launched successfully.
  Given "chrome" browser is launched with url "http://automationpractice.com/index.php" # StepDefinitions.StepDefinitions.browser_is_launched_with_url(java.lang.String,java.lang.String)
  And page load is completed and header logo is displayed                               # StepDefinitions.StepDefinitions.page_load_is_completed_and_header_logo_is_displayed()
  When user navigates to "Dresses" tab                                                  # StepDefinitions.StepDefinitions.user_navigates_to_tab(java.lang.String)
  And user hovers on the last dress                                                     # StepDefinitions.StepDefinitions.user_hovers_on_the_last_dress()
  And user clicks on Add to Cart Button                                                 # StepDefinitions.StepDefinitions.user_clicks_on_add_to_cart_button()
  Then I validate product is successfully added to shopping cart                        # StepDefinitions.StepDefinitions.i_validate_product_is_successfully_added_to_shopping_cart()
Product Total Cost Captured from WebPage is : $16.40
  And capture Total Product Amount before taxes and fees                                # StepDefinitions.StepDefinitions.capture_total_product_amount_before_taxes_and_fees()
  And I click proceed to Checkout Button                                                # StepDefinitions.StepDefinitions.i_click_proceed_to_checkout_button()
  Given user is in "Order - My Store" Page                                              # StepDefinitions.StepDefinitions.user_is_in_page(java.lang.String)
Total Price Captured from Application : $18.40
Price Difference between Product Price and Total Price is : 2.0
  Then Cart Total Amount is captured                                                    # StepDefinitions.StepDefinitions.cart_total_amount_is_captured()
  And user clicks on Proceed to Checkout Button                                         # StepDefinitions.StepDefinitions.user_clicks_on_proceed_to_checkout_button()
  Then user enters email ID                                                             # StepDefinitions.StepDefinitions.user_enters_email_id()
  And user enters password                                                              # StepDefinitions.StepDefinitions.user_enters_password()
  And user clicks on Sign In Button                                                     # StepDefinitions.StepDefinitions.user_clicks_on_sign_in_button()
  Then user clicks Proceed to Checkout in Address Page                                  # StepDefinitions.StepDefinitions.user_clicks_proceed_to_checkout_in_address_page()
PASS : Agree Checkbox is selected successfully
  Then user selects terms and conditions checkbox                                       # StepDefinitions.StepDefinitions.user_selects_terms_and_conditions_checkbox()
  And user clicks on Proceed to Checkout                                                # StepDefinitions.StepDefinitions.user_clicks_on_proceed_to_checkout()
Final Price Captured again on web Page payment state is : $18.40
  Then Cart Total Amount is captured again and compared                                 # StepDefinitions.StepDefinitions.cart_total_amount_is_captured_again_and_compared()
  And user clicks on Pay by Bank Wire                                                   # StepDefinitions.StepDefinitions.user_clicks_on_pay_by_bank_wire()
  Then user clicks on Confirm Order Button                                              # StepDefinitions.StepDefinitions.user_clicks_on_confirm_order_button()
  And it is validated that Order is completed successfully                              # StepDefinitions.StepDefinitions.it_is_validated_that_order_is_completed_successfully()
  Then I close the browser                                                              # StepDefinitions.StepDefinitions.close_browser()
]]></system-out>
    <system-err><![CDATA[367 [main] INFO io.github.bonigarcia.wdm.WebDriverManager - Using chromedriver 98.0.4758.102 (resolved driver for Chrome 98)
379 [main] INFO io.github.bonigarcia.wdm.WebDriverManager - Exporting webdriver.chrome.driver as C:\Users\satad\.cache\selenium\chromedriver\win32\98.0.4758.102\chromedriver.exe
Starting ChromeDriver 98.0.4758.102 (273bf7ac8c909cde36982d27f66f3c70846a3718-refs/branch-heads/4758@{#1151}) on port 28219
Only local connections are allowed.
Please see https://chromedriver.chromium.org/security-considerations for suggestions on keeping ChromeDriver safe.
ChromeDriver was started successfully.
Feb 22, 2022 7:45:17 PM org.openqa.selenium.remote.ProtocolHandshake createSession
INFO: Detected dialect: W3C
]]></system-err>
  </testcase>
</testsuite>